Performing C SOURCE FILE Test CMAKE_HAVE_LIBC_PTHREAD failed with the following output:
Change Dir: /home/monke/Project01/CMakeFiles/CMakeTmp

Run Build Command(s):/usr/bin/make cmTC_da2fd/fast && /usr/bin/make -f CMakeFiles/cmTC_da2fd.dir/build.make CMakeFiles/cmTC_da2fd.dir/build
make[1]: Entering directory '/home/monke/Project01/CMakeFiles/CMakeTmp'
Building C object CMakeFiles/cmTC_da2fd.dir/src.c.o
/usr/bin/cc   -DCMAKE_HAVE_LIBC_PTHREAD   -o CMakeFiles/cmTC_da2fd.dir/src.c.o   -c /home/monke/Project01/CMakeFiles/CMakeTmp/src.c
Linking C executable cmTC_da2fd
/usr/bin/cmake -E cmake_link_script CMakeFiles/cmTC_da2fd.dir/link.txt --verbose=1
/usr/bin/cc  -DCMAKE_HAVE_LIBC_PTHREAD    CMakeFiles/cmTC_da2fd.dir/src.c.o  -o cmTC_da2fd 
/usr/bin/ld: CMakeFiles/cmTC_da2fd.dir/src.c.o: in function `main':
src.c:(.text+0x46): undefined reference to `pthread_create'
/usr/bin/ld: src.c:(.text+0x52): undefined reference to `pthread_detach'
/usr/bin/ld: src.c:(.text+0x63): undefined reference to `pthread_join'
collect2: error: ld returned 1 exit status
make[1]: *** [CMakeFiles/cmTC_da2fd.dir/build.make:87: cmTC_da2fd] Error 1
make[1]: Leaving directory '/home/monke/Project01/CMakeFiles/CMakeTmp'
make: *** [Makefile:121: cmTC_da2fd/fast] Error 2


Source file was:
#include <pthread.h>

void* test_func(void* data)
{
  return data;
}

int main(void)
{
  pthread_t thread;
  pthread_create(&thread, NULL, test_func, NULL);
  pthread_detach(thread);
  pthread_join(thread, NULL);
  pthread_atfork(NULL, NULL, NULL);
  pthread_exit(NULL);

  return 0;
}

Performing C SOURCE FILE Test CMAKE_HAVE_LIBC_PTHREAD failed with the following output:
Change Dir: /home/monke/Project01/CMakeFiles/CMakeTmp

Run Build Command(s):/usr/bin/make cmTC_5404d/fast && /usr/bin/make -f CMakeFiles/cmTC_5404d.dir/build.make CMakeFiles/cmTC_5404d.dir/build
make[1]: Entering directory '/home/monke/Project01/CMakeFiles/CMakeTmp'
Building C object CMakeFiles/cmTC_5404d.dir/src.c.o
/usr/bin/cc   -DCMAKE_HAVE_LIBC_PTHREAD   -o CMakeFiles/cmTC_5404d.dir/src.c.o   -c /home/monke/Project01/CMakeFiles/CMakeTmp/src.c
Linking C executable cmTC_5404d
/usr/bin/cmake -E cmake_link_script CMakeFiles/cmTC_5404d.dir/link.txt --verbose=1
/usr/bin/cc  -DCMAKE_HAVE_LIBC_PTHREAD    CMakeFiles/cmTC_5404d.dir/src.c.o  -o cmTC_5404d 
/usr/bin/ld: CMakeFiles/cmTC_5404d.dir/src.c.o: in function `main':
src.c:(.text+0x46): undefined reference to `pthread_create'
/usr/bin/ld: src.c:(.text+0x52): undefined reference to `pthread_detach'
/usr/bin/ld: src.c:(.text+0x63): undefined reference to `pthread_join'
collect2: error: ld returned 1 exit status
make[1]: *** [CMakeFiles/cmTC_5404d.dir/build.make:87: cmTC_5404d] Error 1
make[1]: Leaving directory '/home/monke/Project01/CMakeFiles/CMakeTmp'
make: *** [Makefile:121: cmTC_5404d/fast] Error 2


Source file was:
#include <pthread.h>

void* test_func(void* data)
{
  return data;
}

int main(void)
{
  pthread_t thread;
  pthread_create(&thread, NULL, test_func, NULL);
  pthread_detach(thread);
  pthread_join(thread, NULL);
  pthread_atfork(NULL, NULL, NULL);
  pthread_exit(NULL);

  return 0;
}

Performing C SOURCE FILE Test CMAKE_HAVE_LIBC_PTHREAD failed with the following output:
Change Dir: /home/monke/Project01/CMakeFiles/CMakeTmp

Run Build Command(s):/usr/bin/make cmTC_4b820/fast && /usr/bin/make -f CMakeFiles/cmTC_4b820.dir/build.make CMakeFiles/cmTC_4b820.dir/build
make[1]: Entering directory '/home/monke/Project01/CMakeFiles/CMakeTmp'
Building C object CMakeFiles/cmTC_4b820.dir/src.c.o
/usr/bin/cc   -DCMAKE_HAVE_LIBC_PTHREAD   -o CMakeFiles/cmTC_4b820.dir/src.c.o   -c /home/monke/Project01/CMakeFiles/CMakeTmp/src.c
Linking C executable cmTC_4b820
/usr/bin/cmake -E cmake_link_script CMakeFiles/cmTC_4b820.dir/link.txt --verbose=1
/usr/bin/cc  -DCMAKE_HAVE_LIBC_PTHREAD    CMakeFiles/cmTC_4b820.dir/src.c.o  -o cmTC_4b820 
/usr/bin/ld: CMakeFiles/cmTC_4b820.dir/src.c.o: in function `main':
src.c:(.text+0x46): undefined reference to `pthread_create'
/usr/bin/ld: src.c:(.text+0x52): undefined reference to `pthread_detach'
/usr/bin/ld: src.c:(.text+0x63): undefined reference to `pthread_join'
collect2: error: ld returned 1 exit status
make[1]: *** [CMakeFiles/cmTC_4b820.dir/build.make:87: cmTC_4b820] Error 1
make[1]: Leaving directory '/home/monke/Project01/CMakeFiles/CMakeTmp'
make: *** [Makefile:121: cmTC_4b820/fast] Error 2


Source file was:
#include <pthread.h>

void* test_func(void* data)
{
  return data;
}

int main(void)
{
  pthread_t thread;
  pthread_create(&thread, NULL, test_func, NULL);
  pthread_detach(thread);
  pthread_join(thread, NULL);
  pthread_atfork(NULL, NULL, NULL);
  pthread_exit(NULL);

  return 0;
}

Performing C SOURCE FILE Test CMAKE_HAVE_LIBC_PTHREAD failed with the following output:
Change Dir: /home/monke/Project01/CMakeFiles/CMakeTmp

Run Build Command(s):/usr/bin/make cmTC_bb0ed/fast && /usr/bin/make -f CMakeFiles/cmTC_bb0ed.dir/build.make CMakeFiles/cmTC_bb0ed.dir/build
make[1]: Entering directory '/home/monke/Project01/CMakeFiles/CMakeTmp'
Building C object CMakeFiles/cmTC_bb0ed.dir/src.c.o
/usr/bin/cc   -DCMAKE_HAVE_LIBC_PTHREAD   -o CMakeFiles/cmTC_bb0ed.dir/src.c.o   -c /home/monke/Project01/CMakeFiles/CMakeTmp/src.c
Linking C executable cmTC_bb0ed
/usr/bin/cmake -E cmake_link_script CMakeFiles/cmTC_bb0ed.dir/link.txt --verbose=1
/usr/bin/cc  -DCMAKE_HAVE_LIBC_PTHREAD    CMakeFiles/cmTC_bb0ed.dir/src.c.o  -o cmTC_bb0ed 
/usr/bin/ld: CMakeFiles/cmTC_bb0ed.dir/src.c.o: in function `main':
src.c:(.text+0x46): undefined reference to `pthread_create'
/usr/bin/ld: src.c:(.text+0x52): undefined reference to `pthread_detach'
/usr/bin/ld: src.c:(.text+0x63): undefined reference to `pthread_join'
collect2: error: ld returned 1 exit status
make[1]: *** [CMakeFiles/cmTC_bb0ed.dir/build.make:87: cmTC_bb0ed] Error 1
make[1]: Leaving directory '/home/monke/Project01/CMakeFiles/CMakeTmp'
make: *** [Makefile:121: cmTC_bb0ed/fast] Error 2


Source file was:
#include <pthread.h>

void* test_func(void* data)
{
  return data;
}

int main(void)
{
  pthread_t thread;
  pthread_create(&thread, NULL, test_func, NULL);
  pthread_detach(thread);
  pthread_join(thread, NULL);
  pthread_atfork(NULL, NULL, NULL);
  pthread_exit(NULL);

  return 0;
}

Performing C SOURCE FILE Test CMAKE_HAVE_LIBC_PTHREAD failed with the following output:
Change Dir: /home/monke/Project01/CMakeFiles/CMakeTmp

Run Build Command(s):/usr/bin/make cmTC_4ebba/fast && /usr/bin/make -f CMakeFiles/cmTC_4ebba.dir/build.make CMakeFiles/cmTC_4ebba.dir/build
make[1]: Entering directory '/home/monke/Project01/CMakeFiles/CMakeTmp'
Building C object CMakeFiles/cmTC_4ebba.dir/src.c.o
/usr/bin/cc   -DCMAKE_HAVE_LIBC_PTHREAD   -o CMakeFiles/cmTC_4ebba.dir/src.c.o   -c /home/monke/Project01/CMakeFiles/CMakeTmp/src.c
Linking C executable cmTC_4ebba
/usr/bin/cmake -E cmake_link_script CMakeFiles/cmTC_4ebba.dir/link.txt --verbose=1
/usr/bin/cc  -DCMAKE_HAVE_LIBC_PTHREAD    CMakeFiles/cmTC_4ebba.dir/src.c.o  -o cmTC_4ebba 
/usr/bin/ld: CMakeFiles/cmTC_4ebba.dir/src.c.o: in function `main':
src.c:(.text+0x46): undefined reference to `pthread_create'
/usr/bin/ld: src.c:(.text+0x52): undefined reference to `pthread_detach'
/usr/bin/ld: src.c:(.text+0x63): undefined reference to `pthread_join'
collect2: error: ld returned 1 exit status
make[1]: *** [CMakeFiles/cmTC_4ebba.dir/build.make:87: cmTC_4ebba] Error 1
make[1]: Leaving directory '/home/monke/Project01/CMakeFiles/CMakeTmp'
make: *** [Makefile:121: cmTC_4ebba/fast] Error 2


Source file was:
#include <pthread.h>

void* test_func(void* data)
{
  return data;
}

int main(void)
{
  pthread_t thread;
  pthread_create(&thread, NULL, test_func, NULL);
  pthread_detach(thread);
  pthread_join(thread, NULL);
  pthread_atfork(NULL, NULL, NULL);
  pthread_exit(NULL);

  return 0;
}

